<?xml version="1.0" encoding="UTF-8"?>
<!-- Generated by org.testng.reporters.JUnitReportReporter -->
<testsuite name="testcases.SelectAndSortMobileList" tests="6" time="10.601" ignored="0" failures="0" timestamp="04 Oct 2017 09:53:44 GMT" skipped="0" hostname="DSSI-157" errors="0">
  <testcase name="selectProduct" time="3.846" classname="testcases.SelectAndSortMobileList"/>
  <testcase name="verifyTitle" time="2.075" classname="testcases.SelectAndSortMobileList"/>
  <testcase name="sortProductList" time="1.170" classname="testcases.SelectAndSortMobileList"/>
  <testcase name="verifyQuantity" time="2.733" classname="testcases.SelectAndSortMobileList"/>
  <testcase name="comparePrice" time="0.026" classname="testcases.SelectAndSortMobileList"/>
  <testcase name="verifyOutOfStock" time="0.751" classname="testcases.SelectAndSortMobileList"/>
</testsuite> <!-- testcases.SelectAndSortMobileList -->
