<?xml version="1.0" encoding="UTF-8"?>
<!-- Generated by org.testng.reporters.JUnitReportReporter -->
<testsuite name="testcases.Shop" tests="8" time="54.539" ignored="0" failures="0" timestamp="04 Oct 2017 12:35:43 GMT" skipped="0" hostname="DSSI-157" errors="0">
  <testcase name="validatepopup" time="20.256" classname="testcases.Shop"/>
  <testcase name="selectProduct" time="4.299" classname="testcases.Shop"/>
  <testcase name="comparePrice" time="0.036" classname="testcases.Shop"/>
  <testcase name="verifyTitle" time="2.060" classname="testcases.Shop"/>
  <testcase name="verifyOutOfStock" time="14.550" classname="testcases.Shop"/>
  <testcase name="sortProductList" time="7.307" classname="testcases.Shop"/>
  <testcase name="productCompare" time="3.253" classname="testcases.Shop"/>
  <testcase name="verifyQuantity" time="2.778" classname="testcases.Shop"/>
</testsuite> <!-- testcases.Shop -->
